<?xml version="1.0" encoding="UTF-8"?>
<!-- Generated by org.testng.reporters.JUnitReportReporter -->
<testsuite skipped="1" hostname="gongbei" name="com.boray.cases.GetUserInfoListTest" tests="1" failures="0" timestamp="2022-10-27T14:03:31 CST" time="0.000" errors="0">
  <testcase name="getUserListInfo" time="0.000" classname="com.boray.cases.GetUserInfoListTest">
    <skipped/>
  </testcase> <!-- getUserListInfo -->
  <system-out/>
</testsuite> <!-- com.boray.cases.GetUserInfoListTest -->
