<?xml version="1.0" encoding="UTF-8"?>
<!-- Generated by org.testng.reporters.JUnitReportReporter -->
<testsuite skipped="0" hostname="gongbei" name="com.boray.cases.GetUserInfoListCase" tests="1" failures="0" timestamp="2022-10-25T17:28:45 CST" time="0.470" errors="0">
  <testcase name="getUserListInfo" time="0.470" classname="com.boray.cases.GetUserInfoListCase"/>
  <system-out/>
</testsuite> <!-- com.boray.cases.GetUserInfoListCase -->
